[debug] [2023-05-28T13:49:48.740Z] ----------------------------------------------------------------------
[debug] [2023-05-28T13:49:48.741Z] Command:       C:\Program Files\nodejs\node.exe C:\Users\torakisi\AppData\Roaming\npm\node_modules\firebase-tools\lib\bin\firebase.js deploy
[debug] [2023-05-28T13:49:48.742Z] CLI Version:   12.2.1
[debug] [2023-05-28T13:49:48.742Z] Platform:      win32
[debug] [2023-05-28T13:49:48.742Z] Node Version:  v16.17.0
[debug] [2023-05-28T13:49:48.743Z] Time:          Sun May 28 2023 16:49:48 GMT+0300 (Θερινή ώρα Ανατολικής Ευρώπης)
[debug] [2023-05-28T13:49:48.743Z] ----------------------------------------------------------------------
[debug] 
[debug] [2023-05-28T13:49:48.830Z] > command requires scopes: ["email","openid","https://www.googleapis.com/auth/cloudplatformprojects.readonly","https://www.googleapis.com/auth/firebase","https://www.googleapis.com/auth/cloud-platform"]
[debug] [2023-05-28T13:49:48.831Z] > authorizing via signed-in user (johntor1995@gmail.com)
[debug] [2023-05-28T13:49:48.831Z] [iam] checking project torakis-resume for permissions ["firebase.projects.get","firebasehosting.sites.update"]
[debug] [2023-05-28T13:49:48.833Z] > refreshing access token with scopes: []
[debug] [2023-05-28T13:49:48.835Z] >>> [apiv2][query] POST https://www.googleapis.com/oauth2/v3/token [none]
[debug] [2023-05-28T13:49:48.835Z] >>> [apiv2][body] POST https://www.googleapis.com/oauth2/v3/token [omitted]
[debug] [2023-05-28T13:49:49.103Z] <<< [apiv2][status] POST https://www.googleapis.com/oauth2/v3/token 200
[debug] [2023-05-28T13:49:49.103Z] <<< [apiv2][body] POST https://www.googleapis.com/oauth2/v3/token [omitted]
[debug] [2023-05-28T13:49:49.111Z] >>> [apiv2][query] POST https://cloudresourcemanager.googleapis.com/v1/projects/torakis-resume:testIamPermissions [none]
[debug] [2023-05-28T13:49:49.111Z] >>> [apiv2][(partial)header] POST https://cloudresourcemanager.googleapis.com/v1/projects/torakis-resume:testIamPermissions x-goog-quota-user=projects/torakis-resume
[debug] [2023-05-28T13:49:49.111Z] >>> [apiv2][body] POST https://cloudresourcemanager.googleapis.com/v1/projects/torakis-resume:testIamPermissions {"permissions":["firebase.projects.get","firebasehosting.sites.update"]}
[debug] [2023-05-28T13:49:50.014Z] <<< [apiv2][status] POST https://cloudresourcemanager.googleapis.com/v1/projects/torakis-resume:testIamPermissions 200
[debug] [2023-05-28T13:49:50.014Z] <<< [apiv2][body] POST https://cloudresourcemanager.googleapis.com/v1/projects/torakis-resume:testIamPermissions {"permissions":["firebase.projects.get","firebasehosting.sites.update"]}
[debug] [2023-05-28T13:49:50.015Z] >>> [apiv2][query] GET https://firebase.googleapis.com/v1beta1/projects/torakis-resume [none]
[debug] [2023-05-28T13:49:50.365Z] <<< [apiv2][status] GET https://firebase.googleapis.com/v1beta1/projects/torakis-resume 200
[debug] [2023-05-28T13:49:50.365Z] <<< [apiv2][body] GET https://firebase.googleapis.com/v1beta1/projects/torakis-resume {"projectId":"torakis-resume","projectNumber":"694979374652","displayName":"torakis-resume","name":"projects/torakis-resume","resources":{"hostingSite":"torakis-resume"},"state":"ACTIVE","etag":"1_d3ce7a73-3142-4449-8fc3-b7a853cf12e9"}
[debug] [2023-05-28T13:49:56.862Z] >>> [apiv2][query] GET https://firebasehosting.googleapis.com/v1beta1/projects/torakis-resume/sites pageToken=&pageSize=10
[debug] [2023-05-28T13:49:57.996Z] <<< [apiv2][status] GET https://firebasehosting.googleapis.com/v1beta1/projects/torakis-resume/sites 200
[debug] [2023-05-28T13:49:57.996Z] <<< [apiv2][body] GET https://firebasehosting.googleapis.com/v1beta1/projects/torakis-resume/sites {"sites":[{"name":"projects/torakis-resume/sites/torakis-resume","defaultUrl":"https://torakis-resume.web.app","appId":"1:694979374652:web:436188337ed40af453dd39","type":"DEFAULT_SITE"}]}
[debug] [2023-05-28T13:49:57.997Z] >>> [apiv2][query] GET https://firebase.googleapis.com/v1beta1/projects/-/webApps/1:694979374652:web:436188337ed40af453dd39/config [none]
[debug] [2023-05-28T13:49:59.015Z] <<< [apiv2][status] GET https://firebase.googleapis.com/v1beta1/projects/-/webApps/1:694979374652:web:436188337ed40af453dd39/config 200
[debug] [2023-05-28T13:49:59.015Z] <<< [apiv2][body] GET https://firebase.googleapis.com/v1beta1/projects/-/webApps/1:694979374652:web:436188337ed40af453dd39/config {"projectId":"torakis-resume","appId":"1:694979374652:web:436188337ed40af453dd39","storageBucket":"torakis-resume.appspot.com","apiKey":"AIzaSyBCkJUm-gz7PpHx29TCiL8pcVDBk8mSFGI","authDomain":"torakis-resume.firebaseapp.com","messagingSenderId":"694979374652","measurementId":"G-J3ZX630Z8L"}
[debug] [2023-05-28T13:51:22.220Z] SyntaxError: Unexpected end of JSON input
    at JSON.parse (<anonymous>)
    at findDependency (C:\Users\torakisi\AppData\Roaming\npm\node_modules\firebase-tools\lib\frameworks\utils.js:128:23)
    at discover (C:\Users\torakisi\AppData\Roaming\npm\node_modules\firebase-tools\lib\frameworks\vite\index.js:48:61)
    at async C:\Users\torakisi\AppData\Roaming\npm\node_modules\firebase-tools\lib\frameworks\vite\index.js:34:63
    at async discover (C:\Users\torakisi\AppData\Roaming\npm\node_modules\firebase-tools\lib\frameworks\index.js:44:32)
    at async prepareFrameworks (C:\Users\torakisi\AppData\Roaming\npm\node_modules\firebase-tools\lib\frameworks\index.js:186:25)
    at async deploy (C:\Users\torakisi\AppData\Roaming\npm\node_modules\firebase-tools\lib\deploy\index.js:55:13)
[error] 
[error] Error: An unexpected error has occurred.
[debug] [2023-05-28T13:51:54.482Z] ----------------------------------------------------------------------
[debug] [2023-05-28T13:51:54.484Z] Command:       C:\Program Files\nodejs\node.exe C:\Users\torakisi\AppData\Roaming\npm\node_modules\firebase-tools\lib\bin\firebase.js deploy
[debug] [2023-05-28T13:51:54.484Z] CLI Version:   12.2.1
[debug] [2023-05-28T13:51:54.484Z] Platform:      win32
[debug] [2023-05-28T13:51:54.485Z] Node Version:  v16.17.0
[debug] [2023-05-28T13:51:54.486Z] Time:          Sun May 28 2023 16:51:54 GMT+0300 (Θερινή ώρα Ανατολικής Ευρώπης)
[debug] [2023-05-28T13:51:54.486Z] ----------------------------------------------------------------------
[debug] 
[debug] [2023-05-28T13:51:54.553Z] > command requires scopes: ["email","openid","https://www.googleapis.com/auth/cloudplatformprojects.readonly","https://www.googleapis.com/auth/firebase","https://www.googleapis.com/auth/cloud-platform"]
[debug] [2023-05-28T13:51:54.553Z] > authorizing via signed-in user (johntor1995@gmail.com)
[debug] [2023-05-28T13:51:54.553Z] [iam] checking project torakis-resume for permissions ["firebase.projects.get","firebasehosting.sites.update"]
[debug] [2023-05-28T13:51:54.555Z] >>> [apiv2][query] POST https://cloudresourcemanager.googleapis.com/v1/projects/torakis-resume:testIamPermissions [none]
[debug] [2023-05-28T13:51:54.555Z] >>> [apiv2][(partial)header] POST https://cloudresourcemanager.googleapis.com/v1/projects/torakis-resume:testIamPermissions x-goog-quota-user=projects/torakis-resume
[debug] [2023-05-28T13:51:54.555Z] >>> [apiv2][body] POST https://cloudresourcemanager.googleapis.com/v1/projects/torakis-resume:testIamPermissions {"permissions":["firebase.projects.get","firebasehosting.sites.update"]}
[debug] [2023-05-28T13:51:55.494Z] <<< [apiv2][status] POST https://cloudresourcemanager.googleapis.com/v1/projects/torakis-resume:testIamPermissions 200
[debug] [2023-05-28T13:51:55.494Z] <<< [apiv2][body] POST https://cloudresourcemanager.googleapis.com/v1/projects/torakis-resume:testIamPermissions {"permissions":["firebase.projects.get","firebasehosting.sites.update"]}
[debug] [2023-05-28T13:51:55.495Z] >>> [apiv2][query] GET https://firebase.googleapis.com/v1beta1/projects/torakis-resume [none]
[debug] [2023-05-28T13:51:55.808Z] <<< [apiv2][status] GET https://firebase.googleapis.com/v1beta1/projects/torakis-resume 200
[debug] [2023-05-28T13:51:55.808Z] <<< [apiv2][body] GET https://firebase.googleapis.com/v1beta1/projects/torakis-resume {"projectId":"torakis-resume","projectNumber":"694979374652","displayName":"torakis-resume","name":"projects/torakis-resume","resources":{"hostingSite":"torakis-resume"},"state":"ACTIVE","etag":"1_d3ce7a73-3142-4449-8fc3-b7a853cf12e9"}
[debug] [2023-05-28T13:52:02.271Z] >>> [apiv2][query] GET https://firebasehosting.googleapis.com/v1beta1/projects/torakis-resume/sites pageToken=&pageSize=10
[debug] [2023-05-28T13:52:03.394Z] <<< [apiv2][status] GET https://firebasehosting.googleapis.com/v1beta1/projects/torakis-resume/sites 200
[debug] [2023-05-28T13:52:03.394Z] <<< [apiv2][body] GET https://firebasehosting.googleapis.com/v1beta1/projects/torakis-resume/sites {"sites":[{"name":"projects/torakis-resume/sites/torakis-resume","defaultUrl":"https://torakis-resume.web.app","appId":"1:694979374652:web:436188337ed40af453dd39","type":"DEFAULT_SITE"}]}
[debug] [2023-05-28T13:52:03.395Z] >>> [apiv2][query] GET https://firebase.googleapis.com/v1beta1/projects/-/webApps/1:694979374652:web:436188337ed40af453dd39/config [none]
[debug] [2023-05-28T13:52:04.463Z] <<< [apiv2][status] GET https://firebase.googleapis.com/v1beta1/projects/-/webApps/1:694979374652:web:436188337ed40af453dd39/config 200
[debug] [2023-05-28T13:52:04.463Z] <<< [apiv2][body] GET https://firebase.googleapis.com/v1beta1/projects/-/webApps/1:694979374652:web:436188337ed40af453dd39/config {"projectId":"torakis-resume","appId":"1:694979374652:web:436188337ed40af453dd39","storageBucket":"torakis-resume.appspot.com","apiKey":"AIzaSyBCkJUm-gz7PpHx29TCiL8pcVDBk8mSFGI","authDomain":"torakis-resume.firebaseapp.com","messagingSenderId":"694979374652","measurementId":"G-J3ZX630Z8L"}
[debug] [2023-05-28T13:52:39.541Z] Error: Configuration 'development' is not set in the workspace.
    at Object.getOptions (C:\source\repos\torakis-resume\node_modules\@angular-devkit\architect\node\node-modules-architect-host.js:76:31)
    at WorkspaceNodeModulesArchitectHost.getOptionsForTarget (C:\source\repos\torakis-resume\node_modules\@angular-devkit\architect\node\node-modules-architect-host.js:162:50)
    at async getContext (C:\Users\torakisi\AppData\Roaming\npm\node_modules\firebase-tools\lib\frameworks\angular\utils.js:231:34)
    at async shouldUseDevModeHandle (C:\Users\torakisi\AppData\Roaming\npm\node_modules\firebase-tools\lib\frameworks\angular\index.js:128:29)
    at async prepareFrameworks (C:\Users\torakisi\AppData\Roaming\npm\node_modules\firebase-tools\lib\frameworks\index.js:197:34)
    at async deploy (C:\Users\torakisi\AppData\Roaming\npm\node_modules\firebase-tools\lib\deploy\index.js:55:13)
[error] 
[error] Error: An unexpected error has occurred.
